<?xml version="1.0" encoding="UTF-8"?>
<!-- Generated by org.testng.reporters.JUnitReportReporter -->
<testsuite hostname="Sathishs-MacBook-Air.local" failures="0" tests="10" name="testrunner.oneparallel" time="8.679" errors="0" timestamp="2024-01-11T18:47:57 EST" skipped="0">
  <testcase classname="testrunner.oneparallel" name="runScenario" time="3.677"/>
  <testcase classname="testrunner.oneparallel" name="runScenario" time="0.637"/>
  <testcase classname="testrunner.oneparallel" name="runScenario" time="0.590"/>
  <testcase classname="testrunner.oneparallel" name="runScenario" time="1.150"/>
  <testcase classname="testrunner.oneparallel" name="runScenario" time="0.418"/>
  <testcase classname="testrunner.oneparallel" name="runScenario" time="0.637"/>
  <testcase classname="testrunner.oneparallel" name="runScenario" time="0.438"/>
  <testcase classname="testrunner.oneparallel" name="runScenario" time="0.220"/>
  <testcase classname="testrunner.oneparallel" name="runScenario" time="0.473"/>
  <testcase classname="testrunner.oneparallel" name="runScenario" time="0.439"/>
</testsuite> <!-- testrunner.oneparallel -->
